c:\wsp\codespace\qtcardlayoutdemo\qtcardlayoutdemo\debug\vc120.pdb
c:\wsp\codespace\qtcardlayoutdemo\qtcardlayoutdemo\debug\qtcardlayoutdemo.obj
c:\wsp\codespace\qtcardlayoutdemo\qtcardlayoutdemo\debug\qcardlayout.obj
c:\wsp\codespace\qtcardlayoutdemo\qtcardlayoutdemo\debug\main.obj
c:\wsp\codespace\qtcardlayoutdemo\qtcardlayoutdemo\debug\moc_qtcardlayoutdemo.obj
c:\wsp\codespace\qtcardlayoutdemo\qtcardlayoutdemo\debug\moc_qcardlayout.obj
c:\wsp\codespace\qtcardlayoutdemo\qtcardlayoutdemo\debug\qrc_qtcardlayoutdemo.obj
c:\wsp\codespace\qtcardlayoutdemo\qtcardlayoutdemo\generatedfiles\debug\moc_qtcardlayoutdemo.cpp
c:\wsp\codespace\qtcardlayoutdemo\qtcardlayoutdemo\generatedfiles\ui_qtcardlayoutdemo.h
c:\wsp\codespace\qtcardlayoutdemo\qtcardlayoutdemo\generatedfiles\debug\moc_qcardlayout.cpp
c:\wsp\codespace\qtcardlayoutdemo\qtcardlayoutdemo\generatedfiles\qrc_qtcardlayoutdemo.cpp
c:\wsp\codespace\qtcardlayoutdemo\win32\debug\qtcardlayoutdemo.ilk
c:\wsp\codespace\qtcardlayoutdemo\win32\debug\qtcardlayoutdemo.exe
c:\wsp\codespace\qtcardlayoutdemo\win32\debug\qtcardlayoutdemo.pdb
c:\wsp\codespace\qtcardlayoutdemo\qtcardlayoutdemo\debug\qtcardlayoutdemo.tlog\cl.command.1.tlog
c:\wsp\codespace\qtcardlayoutdemo\qtcardlayoutdemo\debug\qtcardlayoutdemo.tlog\cl.read.1.tlog
c:\wsp\codespace\qtcardlayoutdemo\qtcardlayoutdemo\debug\qtcardlayoutdemo.tlog\cl.write.1.tlog
c:\wsp\codespace\qtcardlayoutdemo\qtcardlayoutdemo\debug\qtcardlayoutdemo.tlog\custombuild.command.1.tlog
c:\wsp\codespace\qtcardlayoutdemo\qtcardlayoutdemo\debug\qtcardlayoutdemo.tlog\custombuild.read.1.tlog
c:\wsp\codespace\qtcardlayoutdemo\qtcardlayoutdemo\debug\qtcardlayoutdemo.tlog\custombuild.write.1.tlog
c:\wsp\codespace\qtcardlayoutdemo\qtcardlayoutdemo\debug\qtcardlayoutdemo.tlog\link.command.1.tlog
c:\wsp\codespace\qtcardlayoutdemo\qtcardlayoutdemo\debug\qtcardlayoutdemo.tlog\link.read.1.tlog
c:\wsp\codespace\qtcardlayoutdemo\qtcardlayoutdemo\debug\qtcardlayoutdemo.tlog\link.write.1.tlog
