生成启动时间为 2018/5/24 17:18:08。
     1>项目“C:\wsp\codespace\QtCardLayoutDemo\QtCardLayoutDemo\QtCardLayoutDemo.vcxproj”在节点 2 上(Build 个目标)。
     1>ClCompile:
         C:\Program Files (x86)\Microsoft Visual Studio 12.0\VC\bin\CL.exe /c /I.\GeneratedFiles /I. /IC:\Qt5.5\5.5\msvc2013\include /I.\GeneratedFiles\Debug /IC:\Qt5.5\5.5\msvc2013\include\QtCore /IC:\Qt5.5\5.5\msvc2013\include\QtGui /IC:\Qt5.5\5.5\msvc2013\include\QtWidgets /Zi /nologo /W1 /WX- /Od /Oy- /D UNICODE /D WIN32 /D WIN64 /D QT_DLL /D QT_CORE_LIB /D QT_GUI_LIB /D QT_WIDGETS_LIB /Gm- /EHsc /MDd /GS /fp:precise /Zc:wchar_t /Zc:forScope /Fo"Debug\\" /Fd"Debug\vc120.pdb" /Gd /TP /analyze- /errorReport:prompt QtCardLayoutDemo.cpp
         QtCardLayoutDemo.cpp
       Link:
         C:\Program Files (x86)\Microsoft Visual Studio 12.0\VC\bin\link.exe /ERRORREPORT:PROMPT /OUT:"C:\wsp\codespace\QtCardLayoutDemo\Win32\Debug\\QtCardLayoutDemo.exe" /NOLOGO /LIBPATH:C:\Qt5.5\5.5\msvc2013\lib qtmaind.lib Qt5Cored.lib Qt5Guid.lib Qt5Widgetsd.lib kernel32.lib user32.lib gdi32.lib winspool.lib comdlg32.lib advapi32.lib shell32.lib ole32.lib oleaut32.lib uuid.lib odbc32.lib odbccp32.lib /MANIFEST /MANIFESTUAC:"level='asInvoker' uiAccess='false'" /manifest:embed /DEBUG /PDB:"C:\wsp\codespace\QtCardLayoutDemo\Win32\Debug\QtCardLayoutDemo.pdb" /SUBSYSTEM:WINDOWS /TLBID:1 /DYNAMICBASE /NXCOMPAT /IMPLIB:"C:\wsp\codespace\QtCardLayoutDemo\Win32\Debug\QtCardLayoutDemo.lib" /MACHINE:X86 /SAFESEH Debug\moc_QBorderLayout.obj
         Debug\moc_QCardLayout.obj
         Debug\moc_QFlowLayout.obj
         Debug\moc_QtCardLayoutDemo.obj
         Debug\qrc_QtCardLayoutDemo.obj
         Debug\main.obj
         Debug\QBorderLayout.obj
         Debug\QCardLayout.obj
         Debug\QFlowLayout.obj
         Debug\QtCardLayoutDemo.obj
         QtCardLayoutDemo.vcxproj -> C:\wsp\codespace\QtCardLayoutDemo\Win32\Debug\QtCardLayoutDemo.exe
     1>已完成生成项目“C:\wsp\codespace\QtCardLayoutDemo\QtCardLayoutDemo\QtCardLayoutDemo.vcxproj”(Build 个目标)的操作。

生成成功。

已用时间 00:00:03.56
